TRACE 2019-02-08 14:39:54,210 com.throwner.framework.ContextsMap.<clinit>(ContextsMap.java:33): Enter 
TRACE 2019-02-08 14:39:54,210 com.throwner.framework.ContextsMap.loadUtils(ContextsMap.java:44): Enter 
TRACE 2019-02-08 14:39:54,226 com.throwner.framework.ContextsMap.loadUtils(ContextsMap.java:56): Exit 
TRACE 2019-02-08 14:39:54,226 com.throwner.framework.ContextsMap.loadUI(ContextsMap.java:70): Enter 
TRACE 2019-02-08 14:39:54,226 com.throwner.framework.ContextsMap.getBean(ContextsMap.java:99): Enter 
TRACE 2019-02-08 14:39:54,226 com.throwner.framework.ContextsMap.getBean(ContextsMap.java:112): Exit 
TRACE 2019-02-08 14:39:54,226 com.throwner.framework.ContextsMap.getBean(ContextsMap.java:99): Enter 
TRACE 2019-02-08 14:39:54,226 com.throwner.framework.ContextsMap.getBean(ContextsMap.java:112): Exit 
TRACE 2019-02-08 14:39:54,226 com.throwner.framework.ContextsMap.getBean(ContextsMap.java:99): Enter 
TRACE 2019-02-08 14:39:54,226 com.throwner.framework.ContextsMap.getBean(ContextsMap.java:112): Exit 
TRACE 2019-02-08 14:39:54,226 com.throwner.framework.ContextsMap.getBean(ContextsMap.java:99): Enter 
TRACE 2019-02-08 14:39:54,226 com.throwner.framework.ContextsMap.getBean(ContextsMap.java:112): Exit 
TRACE 2019-02-08 14:39:54,226 com.throwner.framework.ContextsMap.getBean(ContextsMap.java:99): Enter 
TRACE 2019-02-08 14:39:54,226 com.throwner.framework.ContextsMap.getBean(ContextsMap.java:112): Exit 
TRACE 2019-02-08 14:39:54,226 com.throwner.framework.ContextsMap.getBean(ContextsMap.java:99): Enter 
TRACE 2019-02-08 14:39:54,226 com.throwner.framework.ContextsMap.getBean(ContextsMap.java:112): Exit 
TRACE 2019-02-08 14:39:54,226 com.throwner.framework.ContextsMap.getBean(ContextsMap.java:99): Enter 
TRACE 2019-02-08 14:39:54,226 com.throwner.framework.ContextsMap.getBean(ContextsMap.java:112): Exit 
TRACE 2019-02-08 14:39:54,226 com.throwner.framework.ContextsMap.getBean(ContextsMap.java:99): Enter 
TRACE 2019-02-08 14:39:54,226 com.throwner.framework.ContextsMap.getBean(ContextsMap.java:112): Exit 
TRACE 2019-02-08 14:39:54,226 com.throwner.framework.ContextsMap.getBean(ContextsMap.java:99): Enter 
TRACE 2019-02-08 14:39:54,226 com.throwner.framework.ContextsMap.getBean(ContextsMap.java:112): Exit 
TRACE 2019-02-08 14:39:54,226 com.throwner.framework.ContextsMap.getBean(ContextsMap.java:99): Enter 
TRACE 2019-02-08 14:39:54,226 com.throwner.framework.ContextsMap.getBean(ContextsMap.java:112): Exit 
TRACE 2019-02-08 14:39:54,226 com.throwner.framework.ContextsMap.getBean(ContextsMap.java:99): Enter 
TRACE 2019-02-08 14:39:54,226 com.throwner.framework.ContextsMap.getBean(ContextsMap.java:112): Exit 
TRACE 2019-02-08 14:39:54,226 com.throwner.framework.ContextsMap.getBean(ContextsMap.java:99): Enter 
TRACE 2019-02-08 14:39:54,226 com.throwner.framework.ContextsMap.getBean(ContextsMap.java:112): Exit 
TRACE 2019-02-08 14:39:54,226 com.throwner.framework.ContextsMap.getBean(ContextsMap.java:99): Enter 
TRACE 2019-02-08 14:39:54,226 com.throwner.framework.ContextsMap.getBean(ContextsMap.java:112): Exit 
TRACE 2019-02-08 14:39:54,226 com.throwner.framework.ContextsMap.getBean(ContextsMap.java:99): Enter 
TRACE 2019-02-08 14:39:54,226 com.throwner.framework.ContextsMap.getBean(ContextsMap.java:112): Exit 
TRACE 2019-02-08 14:39:54,226 com.throwner.framework.ContextsMap.getBean(ContextsMap.java:99): Enter 
TRACE 2019-02-08 14:39:54,226 com.throwner.framework.ContextsMap.getBean(ContextsMap.java:112): Exit 
TRACE 2019-02-08 14:39:54,226 com.throwner.framework.ContextsMap.getBean(ContextsMap.java:99): Enter 
TRACE 2019-02-08 14:39:54,226 com.throwner.framework.ContextsMap.getBean(ContextsMap.java:112): Exit 
TRACE 2019-02-08 14:39:54,226 com.throwner.framework.ContextsMap.getBean(ContextsMap.java:99): Enter 
TRACE 2019-02-08 14:39:54,226 com.throwner.framework.ContextsMap.getBean(ContextsMap.java:112): Exit 
TRACE 2019-02-08 14:39:54,226 com.throwner.framework.ContextsMap.getBean(ContextsMap.java:99): Enter 
TRACE 2019-02-08 14:39:54,226 com.throwner.framework.ContextsMap.getBean(ContextsMap.java:112): Exit 
TRACE 2019-02-08 14:39:54,226 com.throwner.framework.ContextsMap.getBean(ContextsMap.java:99): Enter 
TRACE 2019-02-08 14:39:54,226 com.throwner.framework.ContextsMap.getBean(ContextsMap.java:112): Exit 
TRACE 2019-02-08 14:39:54,226 com.throwner.framework.ContextsMap.getBean(ContextsMap.java:99): Enter 
TRACE 2019-02-08 14:39:54,226 com.throwner.framework.ContextsMap.getBean(ContextsMap.java:112): Exit 
TRACE 2019-02-08 14:39:54,226 com.throwner.framework.ContextsMap.loadUI(ContextsMap.java:94): Exit 
TRACE 2019-02-08 14:39:54,226 com.throwner.framework.ContextsMap.loadCore(ContextsMap.java:60): Enter 
TRACE 2019-02-08 14:39:54,226 com.throwner.framework.ContextsMap.getBean(ContextsMap.java:99): Enter 
TRACE 2019-02-08 14:39:54,226 com.throwner.framework.ContextsMap.getBean(ContextsMap.java:112): Exit 
TRACE 2019-02-08 14:39:54,226 com.throwner.framework.ContextsMap.getBean(ContextsMap.java:99): Enter 
TRACE 2019-02-08 14:39:54,226 com.throwner.framework.ContextsMap.getBean(ContextsMap.java:112): Exit 
TRACE 2019-02-08 14:39:54,226 com.throwner.framework.ContextsMap.loadCore(ContextsMap.java:66): Exit 
TRACE 2019-02-08 14:39:54,226 com.throwner.framework.ContextsMap.<clinit>(ContextsMap.java:37): Exit 
TRACE 2019-02-08 14:39:54,226 com.throwner.framework.ContextsMap.getBean(ContextsMap.java:99): Enter 
TRACE 2019-02-08 14:39:54,226 com.throwner.framework.ContextsMap.getBean(ContextsMap.java:112): Exit 
DEBUG 2019-02-08 14:39:54,226 com.throwner.ui.core.UIManager.showMainMenu(UIManager.java:29): Getting main menu and showing it.. 
TRACE 2019-02-08 14:39:54,226 com.throwner.utils.input.InputUtils.getIntValue(InputUtils.java:23): Enter 
